<?xml version="1.0" encoding="UTF-8"?>
<!-- Generated by org.testng.reporters.JUnitReportReporter -->
<testsuite hostname="Sayed-Sadat" failures="0" tests="4" name="tests.Test_6_DataProvider" time="0.029" errors="0" timestamp="2022-11-20T22:08:28 PST" skipped="0">
  <testcase classname="tests.Test_6_DataProvider" name="test1" time="0.005"/>
  <system-out/>
  <testcase classname="tests.Test_6_DataProvider" name="test1" time="0.016"/>
  <system-out/>
  <testcase classname="tests.Test_6_DataProvider" name="test1" time="0.004"/>
  <system-out/>
  <testcase classname="tests.Test_6_DataProvider" name="test1" time="0.004"/>
  <system-out/>
</testsuite> <!-- tests.Test_6_DataProvider -->
