<?xml version="1.0" encoding="UTF-8"?>
<!-- Generated by org.testng.reporters.JUnitReportReporter -->
<testsuite hostname="Sayed-Sadat" failures="0" tests="1" name="tests.TestCase_1" time="30.283" errors="0" timestamp="2022-11-20T10:09:29 PST" skipped="0">
  <testcase classname="tests.TestCase_1" name="loginAccount" time="30.283"/>
  <system-out/>
</testsuite> <!-- tests.TestCase_1 -->
