<?xml version="1.0" encoding="UTF-8"?>
<!-- Generated by org.testng.reporters.JUnitReportReporter -->
<testsuite hostname="Sayed-Sadat" failures="0" tests="1" name="tests.TestCase_10_Parameters" time="3.439" errors="0" timestamp="2022-11-21T13:28:44 PST" skipped="0">
  <testcase classname="tests.TestCase_10_Parameters" name="launchApplication" time="3.439"/>
  <system-out/>
</testsuite> <!-- tests.TestCase_10_Parameters -->
