<?xml version="1.0" encoding="UTF-8"?>
<!-- Generated by org.testng.reporters.JUnitReportReporter -->
<testsuite hostname="Sayed-Sadat" failures="0" tests="2" name="tests.TestCase_6_DataProvider2" time="6.013" errors="0" timestamp="2022-11-21T08:16:09 PST" skipped="0">
  <testcase classname="tests.TestCase_6_DataProvider2" name="actualTest" time="3.680"/>
  <system-out/>
  <testcase classname="tests.TestCase_6_DataProvider2" name="actualTest" time="2.333"/>
  <system-out/>
</testsuite> <!-- tests.TestCase_6_DataProvider2 -->
