<?xml version="1.0" encoding="UTF-8"?>
<!-- Generated by org.testng.reporters.JUnitReportReporter -->
<testsuite hostname="Sayed-Sadat" failures="0" tests="3" name="tests.TestCase_4_skipTest" time="0.014" errors="0" timestamp="2022-11-20T21:07:53 PST" skipped="3">
  <testcase classname="tests.TestCase_4_skipTest" name="testMethod2" time="0.011">
    <skipped/>
  </testcase> <!-- testMethod2 -->
  <system-out/>
  <testcase classname="tests.TestCase_4_skipTest" name="testMethod3" time="0.003">
    <skipped/>
  </testcase> <!-- testMethod3 -->
  <system-out/>
  <testcase classname="tests.TestCase_4_skipTest" name="testMethod1">
    <skipped/>
  </testcase> <!-- testMethod1 -->
  <system-out/>
</testsuite> <!-- tests.TestCase_4_skipTest -->
