<?xml version="1.0" encoding="UTF-8"?>
<!-- Generated by org.testng.reporters.JUnitReportReporter -->
<testsuite hostname="Sayed-Sadat" failures="0" tests="4" name="tests.TestCase_2" time="19.707" errors="0" timestamp="2022-11-20T10:09:29 PST" skipped="1">
  <testcase classname="tests.TestCase_2" name="clickElement" time="1.943"/>
  <system-out/>
  <testcase classname="tests.TestCase_2" name="bGetTitle" time="0.020"/>
  <system-out/>
  <testcase classname="tests.TestCase_2" name="aTestCase" time="17.744"/>
  <system-out/>
  <testcase classname="tests.TestCase_2" name="dSearchBttn">
    <skipped/>
  </testcase> <!-- dSearchBttn -->
  <system-out/>
</testsuite> <!-- tests.TestCase_2 -->
