<?xml version="1.0" encoding="UTF-8"?>
<!-- Generated by org.testng.reporters.JUnitReportReporter -->
<testsuite hostname="Sayed-Sadat" failures="0" tests="4" name="tests.TestCase_6_DataProvider" time="5.856" errors="0" timestamp="2022-11-21T08:12:19 PST" skipped="2">
  <testcase classname="tests.TestCase_6_DataProvider" name="actualTest" time="2.222"/>
  <system-out/>
  <testcase classname="tests.TestCase_6_DataProvider" name="actualTest" time="3.634"/>
  <system-out/>
  <testcase classname="tests.TestCase_6_DataProvider" name="test">
    <skipped/>
  </testcase> <!-- test -->
  <system-out/>
  <testcase classname="tests.TestCase_6_DataProvider" name="test1">
    <skipped/>
  </testcase> <!-- test1 -->
  <system-out/>
</testsuite> <!-- tests.TestCase_6_DataProvider -->
