<?xml version="1.0" encoding="UTF-8"?>
<!-- Generated by org.testng.reporters.JUnitReportReporter -->
<testsuite hostname="Sayed-Sadat" failures="0" tests="8" name="tests.TestCase_9_DataProviderTest" time="0.038" errors="0" timestamp="2022-11-21T09:38:21 PST" skipped="0">
  <testcase classname="tests.TestCase_9_DataProviderTest" name="test" time="0.016"/>
  <system-out/>
  <testcase classname="tests.TestCase_9_DataProviderTest" name="test1" time="0.001"/>
  <system-out/>
  <testcase classname="tests.TestCase_9_DataProviderTest" name="test1" time="0.006"/>
  <system-out/>
  <testcase classname="tests.TestCase_9_DataProviderTest" name="test" time="0.003"/>
  <system-out/>
  <testcase classname="tests.TestCase_9_DataProviderTest" name="test" time="0.005"/>
  <system-out/>
  <testcase classname="tests.TestCase_9_DataProviderTest" name="test1" time="0.001"/>
  <system-out/>
  <testcase classname="tests.TestCase_9_DataProviderTest" name="test1" time="0.002"/>
  <system-out/>
  <testcase classname="tests.TestCase_9_DataProviderTest" name="test" time="0.004"/>
  <system-out/>
</testsuite> <!-- tests.TestCase_9_DataProviderTest -->
